[2022-05-18 03:12:39Z INFO HostContext] No proxy settings were found based on environmental variables (http_proxy/https_proxy/HTTP_PROXY/HTTPS_PROXY)
[2022-05-18 03:12:39Z INFO HostContext] Well known directory 'Bin': '/Users/sebechegaray/Desktop/TestCafe/IntegriaTesting/actions-runner/bin'
[2022-05-18 03:12:39Z INFO HostContext] Well known directory 'Root': '/Users/sebechegaray/Desktop/TestCafe/IntegriaTesting/actions-runner'
[2022-05-18 03:12:39Z INFO HostContext] Well known config file 'Credentials': '/Users/sebechegaray/Desktop/TestCafe/IntegriaTesting/actions-runner/.credentials'
[2022-05-18 03:12:39Z INFO HostContext] Well known directory 'Bin': '/Users/sebechegaray/Desktop/TestCafe/IntegriaTesting/actions-runner/bin'
[2022-05-18 03:12:39Z INFO HostContext] Well known directory 'Root': '/Users/sebechegaray/Desktop/TestCafe/IntegriaTesting/actions-runner'
[2022-05-18 03:12:39Z INFO HostContext] Well known config file 'Runner': '/Users/sebechegaray/Desktop/TestCafe/IntegriaTesting/actions-runner/.runner'
[2022-05-18 03:12:39Z INFO Listener] Runner is built for OSX (X64) - osx-x64.
[2022-05-18 03:12:39Z INFO Listener] RuntimeInformation: Darwin 19.6.0 Darwin Kernel Version 19.6.0: Thu Oct 29 22:56:45 PDT 2020; root:xnu-6153.141.2.2~1/RELEASE_X86_64.
[2022-05-18 03:12:39Z INFO Listener] Version: 2.291.1
[2022-05-18 03:12:39Z INFO Listener] Commit: 496ec0df97891bd8e50f4431d01874ac3ab75a93
[2022-05-18 03:12:39Z INFO Listener] Culture: en-AU
[2022-05-18 03:12:39Z INFO Listener] UI Culture: en-AU
[2022-05-18 03:12:39Z INFO HostContext] Well known directory 'Bin': '/Users/sebechegaray/Desktop/TestCafe/IntegriaTesting/actions-runner/bin'
[2022-05-18 03:12:39Z INFO HostContext] Well known directory 'Root': '/Users/sebechegaray/Desktop/TestCafe/IntegriaTesting/actions-runner'
[2022-05-18 03:12:39Z INFO Listener] Validating directory permissions for: '/Users/sebechegaray/Desktop/TestCafe/IntegriaTesting/actions-runner'
[2022-05-18 03:12:39Z INFO CommandLineParser] Parse
[2022-05-18 03:12:39Z INFO CommandLineParser] Parsing 5 args
[2022-05-18 03:12:39Z INFO CommandLineParser] parsing argument
[2022-05-18 03:12:39Z INFO CommandLineParser] HasArgs: False
[2022-05-18 03:12:39Z INFO CommandLineParser] Adding Command: configure
[2022-05-18 03:12:39Z INFO CommandLineParser] parsing argument
[2022-05-18 03:12:39Z INFO CommandLineParser] HasArgs: True
[2022-05-18 03:12:39Z INFO CommandLineParser] arg: url
[2022-05-18 03:12:39Z INFO CommandLineParser] parsing argument
[2022-05-18 03:12:39Z INFO CommandLineParser] HasArgs: True
[2022-05-18 03:12:39Z INFO CommandLineParser] Adding option 'url': 'https://github.com/SebEchegaray/testcafe_integria'
[2022-05-18 03:12:39Z INFO CommandLineParser] parsing argument
[2022-05-18 03:12:39Z INFO CommandLineParser] HasArgs: True
[2022-05-18 03:12:39Z INFO CommandLineParser] arg: token
[2022-05-18 03:12:39Z INFO CommandLineParser] parsing argument
[2022-05-18 03:12:39Z INFO CommandLineParser] HasArgs: True
[2022-05-18 03:12:39Z INFO CommandLineParser] Adding option 'token': '***'
[2022-05-18 03:12:39Z INFO Listener] Arguments parsed
[2022-05-18 03:12:39Z INFO Runner] ExecuteCommand
[2022-05-18 03:12:39Z INFO ConfigurationStore] currentAssemblyLocation: /Users/sebechegaray/Desktop/TestCafe/IntegriaTesting/actions-runner/bin/Runner.Listener.dll
[2022-05-18 03:12:39Z INFO HostContext] Well known directory 'Bin': '/Users/sebechegaray/Desktop/TestCafe/IntegriaTesting/actions-runner/bin'
[2022-05-18 03:12:39Z INFO ConfigurationStore] binPath: /Users/sebechegaray/Desktop/TestCafe/IntegriaTesting/actions-runner/bin
[2022-05-18 03:12:39Z INFO HostContext] Well known directory 'Bin': '/Users/sebechegaray/Desktop/TestCafe/IntegriaTesting/actions-runner/bin'
[2022-05-18 03:12:39Z INFO HostContext] Well known directory 'Root': '/Users/sebechegaray/Desktop/TestCafe/IntegriaTesting/actions-runner'
[2022-05-18 03:12:39Z INFO ConfigurationStore] RootFolder: /Users/sebechegaray/Desktop/TestCafe/IntegriaTesting/actions-runner
[2022-05-18 03:12:39Z INFO HostContext] Well known directory 'Bin': '/Users/sebechegaray/Desktop/TestCafe/IntegriaTesting/actions-runner/bin'
[2022-05-18 03:12:39Z INFO HostContext] Well known directory 'Root': '/Users/sebechegaray/Desktop/TestCafe/IntegriaTesting/actions-runner'
[2022-05-18 03:12:39Z INFO HostContext] Well known config file 'Runner': '/Users/sebechegaray/Desktop/TestCafe/IntegriaTesting/actions-runner/.runner'
[2022-05-18 03:12:39Z INFO ConfigurationStore] ConfigFilePath: /Users/sebechegaray/Desktop/TestCafe/IntegriaTesting/actions-runner/.runner
[2022-05-18 03:12:39Z INFO HostContext] Well known directory 'Bin': '/Users/sebechegaray/Desktop/TestCafe/IntegriaTesting/actions-runner/bin'
[2022-05-18 03:12:39Z INFO HostContext] Well known directory 'Root': '/Users/sebechegaray/Desktop/TestCafe/IntegriaTesting/actions-runner'
[2022-05-18 03:12:39Z INFO HostContext] Well known config file 'Credentials': '/Users/sebechegaray/Desktop/TestCafe/IntegriaTesting/actions-runner/.credentials'
[2022-05-18 03:12:39Z INFO ConfigurationStore] CredFilePath: /Users/sebechegaray/Desktop/TestCafe/IntegriaTesting/actions-runner/.credentials
[2022-05-18 03:12:39Z INFO HostContext] Well known directory 'Bin': '/Users/sebechegaray/Desktop/TestCafe/IntegriaTesting/actions-runner/bin'
[2022-05-18 03:12:39Z INFO HostContext] Well known directory 'Root': '/Users/sebechegaray/Desktop/TestCafe/IntegriaTesting/actions-runner'
[2022-05-18 03:12:39Z INFO HostContext] Well known config file 'MigratedCredentials': '/Users/sebechegaray/Desktop/TestCafe/IntegriaTesting/actions-runner/.credentials_migrated'
[2022-05-18 03:12:39Z INFO ConfigurationStore] MigratedCredFilePath: /Users/sebechegaray/Desktop/TestCafe/IntegriaTesting/actions-runner/.credentials_migrated
[2022-05-18 03:12:39Z INFO HostContext] Well known directory 'Bin': '/Users/sebechegaray/Desktop/TestCafe/IntegriaTesting/actions-runner/bin'
[2022-05-18 03:12:39Z INFO HostContext] Well known directory 'Root': '/Users/sebechegaray/Desktop/TestCafe/IntegriaTesting/actions-runner'
[2022-05-18 03:12:39Z INFO HostContext] Well known config file 'Service': '/Users/sebechegaray/Desktop/TestCafe/IntegriaTesting/actions-runner/.service'
[2022-05-18 03:12:39Z INFO ConfigurationStore] ServiceConfigFilePath: /Users/sebechegaray/Desktop/TestCafe/IntegriaTesting/actions-runner/.service
[2022-05-18 03:12:39Z INFO CommandSettings] Flag 'help': 'False'
[2022-05-18 03:12:39Z INFO CommandSettings] Flag 'version': 'False'
[2022-05-18 03:12:39Z INFO CommandSettings] Flag 'commit': 'False'
[2022-05-18 03:12:39Z INFO CommandSettings] Flag 'check': 'False'
[2022-05-18 03:12:39Z INFO CommandSettings] Command 'configure': 'True'
[2022-05-18 03:12:39Z INFO Terminal] WRITE LINE: 
[2022-05-18 03:12:39Z INFO Terminal] WRITE LINE: --------------------------------------------------------------------------------
[2022-05-18 03:12:39Z INFO Terminal] WRITE LINE: |        ____ _ _   _   _       _          _        _   _                      |
[2022-05-18 03:12:39Z INFO Terminal] WRITE LINE: |       / ___(_) |_| | | |_   _| |__      / \   ___| |_(_) ___  _ __  ___      |
[2022-05-18 03:12:39Z INFO Terminal] WRITE LINE: |      | |  _| | __| |_| | | | | '_ \    / _ \ / __| __| |/ _ \| '_ \/ __|     |
[2022-05-18 03:12:39Z INFO Terminal] WRITE LINE: |      | |_| | | |_|  _  | |_| | |_) |  / ___ \ (__| |_| | (_) | | | \__ \     |
[2022-05-18 03:12:39Z INFO Terminal] WRITE LINE: |       \____|_|\__|_| |_|\__,_|_.__/  /_/   \_\___|\__|_|\___/|_| |_|___/     |
[2022-05-18 03:12:39Z INFO Terminal] WRITE LINE: |                                                                              |
[2022-05-18 03:12:39Z INFO Terminal] WRITE: |                       
[2022-05-18 03:12:39Z INFO Terminal] WRITE: Self-hosted runner registration
[2022-05-18 03:12:39Z INFO Terminal] WRITE LINE:                         |
[2022-05-18 03:12:39Z INFO Terminal] WRITE LINE: |                                                                              |
[2022-05-18 03:12:39Z INFO Terminal] WRITE LINE: --------------------------------------------------------------------------------
[2022-05-18 03:12:39Z INFO ConfigurationManager] ConfigureAsync
[2022-05-18 03:12:39Z INFO ConfigurationStore] IsConfigured()
[2022-05-18 03:12:39Z INFO ConfigurationStore] IsConfigured: False
[2022-05-18 03:12:39Z INFO ConfigurationManager] Is configured: False
[2022-05-18 03:12:39Z INFO CommandSettings] Arg 'url': 'https://github.com/SebEchegaray/testcafe_integria'
[2022-05-18 03:12:39Z INFO CommandSettings] Remove url from Arg dictionary.
[2022-05-18 03:12:39Z INFO CommandSettings] Arg 'token': '***'
[2022-05-18 03:12:39Z INFO CommandSettings] Remove token from Arg dictionary.
[2022-05-18 03:12:40Z INFO ConfigurationManager] Http response code: OK from 'POST https://api.github.com/actions/runner-registration'
[2022-05-18 03:12:40Z INFO ConfigurationManager] cred retrieved via GitHub auth
[2022-05-18 03:12:40Z INFO RunnerServer] Establish connection with 100 seconds timeout.
[2022-05-18 03:12:40Z INFO GitHubActionsService] Starting operation Location.GetConnectionData
[2022-05-18 03:12:40Z INFO RunnerServer] Establish connection with 60 seconds timeout.
[2022-05-18 03:12:40Z INFO GitHubActionsService] Starting operation Location.GetConnectionData
[2022-05-18 03:12:40Z INFO RunnerServer] Establish connection with 60 seconds timeout.
[2022-05-18 03:12:40Z INFO GitHubActionsService] Starting operation Location.GetConnectionData
[2022-05-18 03:12:41Z INFO GitHubActionsService] Finished operation Location.GetConnectionData
[2022-05-18 03:12:41Z INFO GitHubActionsService] Finished operation Location.GetConnectionData
[2022-05-18 03:12:41Z INFO GitHubActionsService] Finished operation Location.GetConnectionData
[2022-05-18 03:12:41Z INFO Terminal] WRITE LINE: 
[2022-05-18 03:12:41Z INFO ConfigurationManager] Test Connection complete.
[2022-05-18 03:12:41Z INFO HostContext] Well known directory 'Bin': '/Users/sebechegaray/Desktop/TestCafe/IntegriaTesting/actions-runner/bin'
[2022-05-18 03:12:41Z INFO HostContext] Well known directory 'Root': '/Users/sebechegaray/Desktop/TestCafe/IntegriaTesting/actions-runner'
[2022-05-18 03:12:41Z INFO HostContext] Well known config file 'RSACredentials': '/Users/sebechegaray/Desktop/TestCafe/IntegriaTesting/actions-runner/.credentials_rsaparams'
[2022-05-18 03:12:41Z INFO RSAFileKeyManager] Found existing RSA key parameters file /Users/sebechegaray/Desktop/TestCafe/IntegriaTesting/actions-runner/.credentials_rsaparams
[2022-05-18 03:12:41Z INFO CommandSettings] Arg 'runnergroup': ''
[2022-05-18 03:12:41Z INFO CommandSettings] Flag 'unattended': 'False'
[2022-05-18 03:12:41Z INFO PromptManager] ReadValue
[2022-05-18 03:12:41Z INFO Terminal] WRITE: Enter the name of the runner group to add this runner to: 
[2022-05-18 03:12:41Z INFO Terminal] WRITE: [press Enter for Default] 
[2022-05-18 03:12:41Z INFO Terminal] READ LINE
[2022-05-18 03:12:42Z INFO Terminal] Read value: ''
[2022-05-18 03:12:42Z INFO PromptManager] Falling back to the default: 'Default'
[2022-05-18 03:12:42Z INFO Terminal] WRITE LINE: 
[2022-05-18 03:12:42Z INFO ConfigurationManager] Found a self-hosted runner group with id 1 and name Default
[2022-05-18 03:12:42Z INFO CommandSettings] Flag 'disableupdate': 'False'
[2022-05-18 03:12:42Z INFO CommandSettings] Flag 'ephemeral': 'False'
[2022-05-18 03:12:42Z INFO CommandSettings] Arg 'name': ''
[2022-05-18 03:12:42Z INFO CommandSettings] Flag 'unattended': 'False'
[2022-05-18 03:12:42Z INFO PromptManager] ReadValue
[2022-05-18 03:12:42Z INFO Terminal] WRITE: Enter the name of runner: 
[2022-05-18 03:12:42Z INFO Terminal] WRITE: [press Enter for Sebastians-MacBook-Pro] 
[2022-05-18 03:12:42Z INFO Terminal] READ LINE
[2022-05-18 03:12:50Z INFO Terminal] Read value: ''
[2022-05-18 03:12:50Z INFO PromptManager] Falling back to the default: 'Sebastians-MacBook-Pro'
[2022-05-18 03:12:50Z INFO Terminal] WRITE LINE: 
[2022-05-18 03:12:50Z INFO CommandSettings] Arg 'labels': ''
[2022-05-18 03:12:50Z INFO CommandSettings] Flag 'unattended': 'False'
[2022-05-18 03:12:50Z INFO PromptManager] ReadValue
[2022-05-18 03:12:50Z INFO Terminal] WRITE: This runner will have the following labels: 'self-hosted', 'macOS', 'X64' 
Enter any additional labels (ex. label-1,label-2): 
[2022-05-18 03:12:50Z INFO Terminal] WRITE: [press Enter to skip] 
[2022-05-18 03:12:50Z INFO Terminal] READ LINE
[2022-05-18 03:12:59Z INFO Terminal] Read value: ''
[2022-05-18 03:12:59Z INFO Terminal] WRITE LINE: 
[2022-05-18 03:12:59Z INFO CommandSettings] Flag 'disableupdate': 'False'
[2022-05-18 03:12:59Z INFO CommandSettings] Flag 'disableupdate': 'False'
[2022-05-18 03:12:59Z INFO CommandSettings] Flag 'ephemeral': 'False'
[2022-05-18 03:12:59Z INFO ConfigurationStore] Saving OAuth credential @ /Users/sebechegaray/Desktop/TestCafe/IntegriaTesting/actions-runner/.credentials
[2022-05-18 03:12:59Z INFO ConfigurationStore] Credentials Saved.
[2022-05-18 03:12:59Z INFO ConfigurationStore] HasCredentials()
[2022-05-18 03:12:59Z INFO ConfigurationStore] stored True
[2022-05-18 03:12:59Z INFO CredentialManager] GetCredentialProvider
[2022-05-18 03:12:59Z INFO CredentialManager] Creating type OAuth
[2022-05-18 03:12:59Z INFO CredentialManager] Creating credential type: OAuth
[2022-05-18 03:12:59Z INFO RSAFileKeyManager] Loading RSA key parameters from file /Users/sebechegaray/Desktop/TestCafe/IntegriaTesting/actions-runner/.credentials_rsaparams
[2022-05-18 03:12:59Z INFO RunnerServer] Establish connection with 100 seconds timeout.
[2022-05-18 03:12:59Z INFO GitHubActionsService] Starting operation Location.GetConnectionData
[2022-05-18 03:12:59Z INFO RunnerServer] Establish connection with 60 seconds timeout.
[2022-05-18 03:12:59Z INFO GitHubActionsService] Starting operation Location.GetConnectionData
[2022-05-18 03:12:59Z INFO RunnerServer] Establish connection with 60 seconds timeout.
[2022-05-18 03:12:59Z INFO GitHubActionsService] Starting operation Location.GetConnectionData
[2022-05-18 03:13:01Z INFO GitHubActionsService] Finished operation Location.GetConnectionData
[2022-05-18 03:13:01Z INFO GitHubActionsService] Finished operation Location.GetConnectionData
[2022-05-18 03:13:01Z INFO GitHubActionsService] Finished operation Location.GetConnectionData
[2022-05-18 03:13:01Z WARN GitHubActionsService] Authentication failed with status code 401.
Transfer-Encoding: chunked
WWW-Authenticate: Bearer
Strict-Transport-Security: max-age=2592000
X-TFS-ProcessId: 343c8edf-3e1c-4168-b58a-0b345d73108c
ActivityId: fc337e57-cc10-482a-a75b-eafd3f1bdd03
X-TFS-Session: f22d7f78-54e2-4bd3-bceb-24fe30370b83
X-VSS-E2EID: 8fb68001-52a8-46b1-bbe5-c1a2b2875ec7
X-VSS-SenderDeploymentId: 9d51f527-7c54-71ef-5aa4-7c3dc660eb8a
X-TFS-ServiceError: The+user+%27System%3aPublicAccess%3baaaaaaaa-aaaa-aaaa-aaaa-aaaaaaaaaaaa%27+is+not+authorized+to+access+this+resource.
X-VSS-S2STargetService: 0000005A-0000-8888-8000-000000000000/visualstudio.com
X-Cache: CONFIG_NOCACHE
X-MSEdge-Ref: Ref A: 9A8BAE7AE87A4584944C577D1C5630C9 Ref B: MEL01EDGE0707 Ref C: 2022-05-18T03:13:01Z
Date: Wed, 18 May 2022 03:13:01 GMT

[2022-05-18 03:13:01Z INFO RSAFileKeyManager] Loading RSA key parameters from file /Users/sebechegaray/Desktop/TestCafe/IntegriaTesting/actions-runner/.credentials_rsaparams
[2022-05-18 03:13:01Z INFO RSAFileKeyManager] Loading RSA key parameters from file /Users/sebechegaray/Desktop/TestCafe/IntegriaTesting/actions-runner/.credentials_rsaparams
[2022-05-18 03:13:02Z INFO GitHubActionsService] AAD Correlation ID for this token request: Unknown
[2022-05-18 03:13:02Z INFO CommandSettings] Arg 'work': ''
[2022-05-18 03:13:02Z INFO CommandSettings] Flag 'unattended': 'False'
[2022-05-18 03:13:02Z INFO PromptManager] ReadValue
[2022-05-18 03:13:02Z INFO Terminal] WRITE: Enter name of work folder: 
[2022-05-18 03:13:02Z INFO Terminal] WRITE: [press Enter for _work] 
[2022-05-18 03:13:02Z INFO Terminal] READ LINE
[2022-05-18 03:13:15Z INFO Terminal] Read value: ''
[2022-05-18 03:13:15Z INFO PromptManager] Falling back to the default: '_work'
[2022-05-18 03:13:15Z INFO ConfigurationStore] Saving runner settings.
[2022-05-18 03:13:15Z INFO ConfigurationStore] Settings Saved.
[2022-05-18 03:13:15Z INFO Terminal] WRITE LINE: 
[2022-05-18 03:13:15Z INFO Terminal] WRITE LINE: 
[2022-05-18 03:13:15Z INFO OsxServiceControlManager] Service name 'actions.runner.SebEchegaray-testcafe_integria.Sebastians-MacBook-Pro' display name 'GitHub Actions Runner (SebEchegaray-testcafe_integria.Sebastians-MacBook-Pro)' will be used for service configuration.
[2022-05-18 03:13:15Z INFO HostContext] Well known directory 'Bin': '/Users/sebechegaray/Desktop/TestCafe/IntegriaTesting/actions-runner/bin'
[2022-05-18 03:13:15Z INFO HostContext] Well known directory 'Root': '/Users/sebechegaray/Desktop/TestCafe/IntegriaTesting/actions-runner'
[2022-05-18 03:13:15Z INFO HostContext] Well known directory 'Bin': '/Users/sebechegaray/Desktop/TestCafe/IntegriaTesting/actions-runner/bin'
[2022-05-18 03:13:15Z INFO HostContext] Well known directory 'Bin': '/Users/sebechegaray/Desktop/TestCafe/IntegriaTesting/actions-runner/bin'
[2022-05-18 03:13:15Z INFO HostContext] Well known directory 'Root': '/Users/sebechegaray/Desktop/TestCafe/IntegriaTesting/actions-runner'
[2022-05-18 03:13:15Z INFO UnixUtil] Which: 'chmod'
[2022-05-18 03:13:15Z INFO UnixUtil] Location: '/bin/chmod'
[2022-05-18 03:13:15Z INFO UnixUtil] Running /bin/chmod 755 "/Users/sebechegaray/Desktop/TestCafe/IntegriaTesting/actions-runner/svc.sh"
[2022-05-18 03:13:15Z INFO ProcessInvokerWrapper] Starting process:
[2022-05-18 03:13:15Z INFO ProcessInvokerWrapper]   File name: '/bin/chmod'
[2022-05-18 03:13:15Z INFO ProcessInvokerWrapper]   Arguments: '755 "/Users/sebechegaray/Desktop/TestCafe/IntegriaTesting/actions-runner/svc.sh"'
[2022-05-18 03:13:15Z INFO ProcessInvokerWrapper]   Working directory: '/Users/sebechegaray/Desktop/TestCafe/IntegriaTesting/actions-runner'
[2022-05-18 03:13:15Z INFO ProcessInvokerWrapper]   Require exit code zero: 'True'
[2022-05-18 03:13:15Z INFO ProcessInvokerWrapper]   Encoding web name:  ; code page: ''
[2022-05-18 03:13:15Z INFO ProcessInvokerWrapper]   Force kill process on cancellation: 'False'
[2022-05-18 03:13:15Z INFO ProcessInvokerWrapper]   Redirected STDIN: 'False'
[2022-05-18 03:13:15Z INFO ProcessInvokerWrapper]   Persist current code page: 'False'
[2022-05-18 03:13:15Z INFO ProcessInvokerWrapper]   Keep redirected STDIN open: 'False'
[2022-05-18 03:13:15Z INFO ProcessInvokerWrapper]   High priority process: 'False'
[2022-05-18 03:13:15Z INFO ProcessInvokerWrapper] Process started with process id 4933, waiting for process exit.
[2022-05-18 03:13:15Z INFO ProcessInvokerWrapper] STDOUT/STDERR stream read finished.
[2022-05-18 03:13:15Z INFO ProcessInvokerWrapper] STDOUT/STDERR stream read finished.
[2022-05-18 03:13:15Z INFO ProcessInvokerWrapper] Finished process 4933 with exit code 0, and elapsed time 00:00:00.0143095.
[2022-05-18 03:13:15Z INFO Listener] Runner execution has finished with return code 0
