[2022-05-18 03:12:12Z INFO HostContext] No proxy settings were found based on environmental variables (http_proxy/https_proxy/HTTP_PROXY/HTTPS_PROXY)
[2022-05-18 03:12:12Z INFO HostContext] Well known directory 'Bin': '/Users/sebechegaray/Desktop/TestCafe/IntegriaTesting/actions-runner/bin'
[2022-05-18 03:12:12Z INFO HostContext] Well known directory 'Root': '/Users/sebechegaray/Desktop/TestCafe/IntegriaTesting/actions-runner'
[2022-05-18 03:12:12Z INFO HostContext] Well known config file 'Credentials': '/Users/sebechegaray/Desktop/TestCafe/IntegriaTesting/actions-runner/.credentials'
[2022-05-18 03:12:12Z INFO HostContext] Well known directory 'Bin': '/Users/sebechegaray/Desktop/TestCafe/IntegriaTesting/actions-runner/bin'
[2022-05-18 03:12:12Z INFO HostContext] Well known directory 'Root': '/Users/sebechegaray/Desktop/TestCafe/IntegriaTesting/actions-runner'
[2022-05-18 03:12:12Z INFO HostContext] Well known config file 'Runner': '/Users/sebechegaray/Desktop/TestCafe/IntegriaTesting/actions-runner/.runner'
[2022-05-18 03:12:12Z INFO Listener] Runner is built for OSX (X64) - osx-x64.
[2022-05-18 03:12:12Z INFO Listener] RuntimeInformation: Darwin 19.6.0 Darwin Kernel Version 19.6.0: Thu Oct 29 22:56:45 PDT 2020; root:xnu-6153.141.2.2~1/RELEASE_X86_64.
[2022-05-18 03:12:12Z INFO Listener] Version: 2.291.1
[2022-05-18 03:12:12Z INFO Listener] Commit: 496ec0df97891bd8e50f4431d01874ac3ab75a93
[2022-05-18 03:12:12Z INFO Listener] Culture: en-AU
[2022-05-18 03:12:12Z INFO Listener] UI Culture: en-AU
[2022-05-18 03:12:12Z INFO HostContext] Well known directory 'Bin': '/Users/sebechegaray/Desktop/TestCafe/IntegriaTesting/actions-runner/bin'
[2022-05-18 03:12:12Z INFO HostContext] Well known directory 'Root': '/Users/sebechegaray/Desktop/TestCafe/IntegriaTesting/actions-runner'
[2022-05-18 03:12:12Z INFO Listener] Validating directory permissions for: '/Users/sebechegaray/Desktop/TestCafe/IntegriaTesting/actions-runner'
[2022-05-18 03:12:12Z INFO CommandLineParser] Parse
[2022-05-18 03:12:12Z INFO CommandLineParser] Parsing 5 args
[2022-05-18 03:12:12Z INFO CommandLineParser] parsing argument
[2022-05-18 03:12:12Z INFO CommandLineParser] HasArgs: False
[2022-05-18 03:12:12Z INFO CommandLineParser] Adding Command: configure
[2022-05-18 03:12:12Z INFO CommandLineParser] parsing argument
[2022-05-18 03:12:12Z INFO CommandLineParser] HasArgs: True
[2022-05-18 03:12:12Z INFO CommandLineParser] arg: url
[2022-05-18 03:12:12Z INFO CommandLineParser] parsing argument
[2022-05-18 03:12:12Z INFO CommandLineParser] HasArgs: True
[2022-05-18 03:12:12Z INFO CommandLineParser] Adding option 'url': 'https://github.com/SebEchegaray/testcafe_integria'
[2022-05-18 03:12:12Z INFO CommandLineParser] parsing argument
[2022-05-18 03:12:12Z INFO CommandLineParser] HasArgs: True
[2022-05-18 03:12:12Z INFO CommandLineParser] arg: token
[2022-05-18 03:12:12Z INFO CommandLineParser] parsing argument
[2022-05-18 03:12:12Z INFO CommandLineParser] HasArgs: True
[2022-05-18 03:12:12Z INFO CommandLineParser] Adding option 'token': '***'
[2022-05-18 03:12:12Z INFO Listener] Arguments parsed
[2022-05-18 03:12:12Z INFO Runner] ExecuteCommand
[2022-05-18 03:12:12Z INFO ConfigurationStore] currentAssemblyLocation: /Users/sebechegaray/Desktop/TestCafe/IntegriaTesting/actions-runner/bin/Runner.Listener.dll
[2022-05-18 03:12:12Z INFO HostContext] Well known directory 'Bin': '/Users/sebechegaray/Desktop/TestCafe/IntegriaTesting/actions-runner/bin'
[2022-05-18 03:12:12Z INFO ConfigurationStore] binPath: /Users/sebechegaray/Desktop/TestCafe/IntegriaTesting/actions-runner/bin
[2022-05-18 03:12:12Z INFO HostContext] Well known directory 'Bin': '/Users/sebechegaray/Desktop/TestCafe/IntegriaTesting/actions-runner/bin'
[2022-05-18 03:12:12Z INFO HostContext] Well known directory 'Root': '/Users/sebechegaray/Desktop/TestCafe/IntegriaTesting/actions-runner'
[2022-05-18 03:12:12Z INFO ConfigurationStore] RootFolder: /Users/sebechegaray/Desktop/TestCafe/IntegriaTesting/actions-runner
[2022-05-18 03:12:12Z INFO HostContext] Well known directory 'Bin': '/Users/sebechegaray/Desktop/TestCafe/IntegriaTesting/actions-runner/bin'
[2022-05-18 03:12:12Z INFO HostContext] Well known directory 'Root': '/Users/sebechegaray/Desktop/TestCafe/IntegriaTesting/actions-runner'
[2022-05-18 03:12:12Z INFO HostContext] Well known config file 'Runner': '/Users/sebechegaray/Desktop/TestCafe/IntegriaTesting/actions-runner/.runner'
[2022-05-18 03:12:12Z INFO ConfigurationStore] ConfigFilePath: /Users/sebechegaray/Desktop/TestCafe/IntegriaTesting/actions-runner/.runner
[2022-05-18 03:12:12Z INFO HostContext] Well known directory 'Bin': '/Users/sebechegaray/Desktop/TestCafe/IntegriaTesting/actions-runner/bin'
[2022-05-18 03:12:12Z INFO HostContext] Well known directory 'Root': '/Users/sebechegaray/Desktop/TestCafe/IntegriaTesting/actions-runner'
[2022-05-18 03:12:12Z INFO HostContext] Well known config file 'Credentials': '/Users/sebechegaray/Desktop/TestCafe/IntegriaTesting/actions-runner/.credentials'
[2022-05-18 03:12:12Z INFO ConfigurationStore] CredFilePath: /Users/sebechegaray/Desktop/TestCafe/IntegriaTesting/actions-runner/.credentials
[2022-05-18 03:12:12Z INFO HostContext] Well known directory 'Bin': '/Users/sebechegaray/Desktop/TestCafe/IntegriaTesting/actions-runner/bin'
[2022-05-18 03:12:12Z INFO HostContext] Well known directory 'Root': '/Users/sebechegaray/Desktop/TestCafe/IntegriaTesting/actions-runner'
[2022-05-18 03:12:12Z INFO HostContext] Well known config file 'MigratedCredentials': '/Users/sebechegaray/Desktop/TestCafe/IntegriaTesting/actions-runner/.credentials_migrated'
[2022-05-18 03:12:12Z INFO ConfigurationStore] MigratedCredFilePath: /Users/sebechegaray/Desktop/TestCafe/IntegriaTesting/actions-runner/.credentials_migrated
[2022-05-18 03:12:12Z INFO HostContext] Well known directory 'Bin': '/Users/sebechegaray/Desktop/TestCafe/IntegriaTesting/actions-runner/bin'
[2022-05-18 03:12:12Z INFO HostContext] Well known directory 'Root': '/Users/sebechegaray/Desktop/TestCafe/IntegriaTesting/actions-runner'
[2022-05-18 03:12:12Z INFO HostContext] Well known config file 'Service': '/Users/sebechegaray/Desktop/TestCafe/IntegriaTesting/actions-runner/.service'
[2022-05-18 03:12:12Z INFO ConfigurationStore] ServiceConfigFilePath: /Users/sebechegaray/Desktop/TestCafe/IntegriaTesting/actions-runner/.service
[2022-05-18 03:12:12Z INFO CommandSettings] Flag 'help': 'False'
[2022-05-18 03:12:12Z INFO CommandSettings] Flag 'version': 'False'
[2022-05-18 03:12:12Z INFO CommandSettings] Flag 'commit': 'False'
[2022-05-18 03:12:12Z INFO CommandSettings] Flag 'check': 'False'
[2022-05-18 03:12:12Z INFO CommandSettings] Command 'configure': 'True'
[2022-05-18 03:12:13Z INFO Terminal] WRITE LINE: 
[2022-05-18 03:12:13Z INFO Terminal] WRITE LINE: --------------------------------------------------------------------------------
[2022-05-18 03:12:13Z INFO Terminal] WRITE LINE: |        ____ _ _   _   _       _          _        _   _                      |
[2022-05-18 03:12:13Z INFO Terminal] WRITE LINE: |       / ___(_) |_| | | |_   _| |__      / \   ___| |_(_) ___  _ __  ___      |
[2022-05-18 03:12:13Z INFO Terminal] WRITE LINE: |      | |  _| | __| |_| | | | | '_ \    / _ \ / __| __| |/ _ \| '_ \/ __|     |
[2022-05-18 03:12:13Z INFO Terminal] WRITE LINE: |      | |_| | | |_|  _  | |_| | |_) |  / ___ \ (__| |_| | (_) | | | \__ \     |
[2022-05-18 03:12:13Z INFO Terminal] WRITE LINE: |       \____|_|\__|_| |_|\__,_|_.__/  /_/   \_\___|\__|_|\___/|_| |_|___/     |
[2022-05-18 03:12:13Z INFO Terminal] WRITE LINE: |                                                                              |
[2022-05-18 03:12:13Z INFO Terminal] WRITE: |                       
[2022-05-18 03:12:13Z INFO Terminal] WRITE: Self-hosted runner registration
[2022-05-18 03:12:13Z INFO Terminal] WRITE LINE:                         |
[2022-05-18 03:12:13Z INFO Terminal] WRITE LINE: |                                                                              |
[2022-05-18 03:12:13Z INFO Terminal] WRITE LINE: --------------------------------------------------------------------------------
[2022-05-18 03:12:13Z INFO ConfigurationManager] ConfigureAsync
[2022-05-18 03:12:13Z INFO ConfigurationStore] IsConfigured()
[2022-05-18 03:12:13Z INFO ConfigurationStore] IsConfigured: False
[2022-05-18 03:12:13Z INFO ConfigurationManager] Is configured: False
[2022-05-18 03:12:13Z INFO CommandSettings] Arg 'url': 'https://github.com/SebEchegaray/testcafe_integria'
[2022-05-18 03:12:13Z INFO CommandSettings] Remove url from Arg dictionary.
[2022-05-18 03:12:13Z INFO CommandSettings] Arg 'token': '***'
[2022-05-18 03:12:13Z INFO CommandSettings] Remove token from Arg dictionary.
[2022-05-18 03:12:15Z INFO ConfigurationManager] Http response code: OK from 'POST https://api.github.com/actions/runner-registration'
[2022-05-18 03:12:15Z INFO ConfigurationManager] cred retrieved via GitHub auth
[2022-05-18 03:12:15Z INFO RunnerServer] Establish connection with 100 seconds timeout.
[2022-05-18 03:12:15Z INFO GitHubActionsService] Starting operation Location.GetConnectionData
[2022-05-18 03:12:15Z INFO RunnerServer] Establish connection with 60 seconds timeout.
[2022-05-18 03:12:15Z INFO GitHubActionsService] Starting operation Location.GetConnectionData
[2022-05-18 03:12:15Z INFO RunnerServer] Establish connection with 60 seconds timeout.
[2022-05-18 03:12:15Z INFO GitHubActionsService] Starting operation Location.GetConnectionData
[2022-05-18 03:12:17Z INFO GitHubActionsService] Finished operation Location.GetConnectionData
[2022-05-18 03:12:17Z INFO GitHubActionsService] Finished operation Location.GetConnectionData
[2022-05-18 03:12:17Z INFO GitHubActionsService] Finished operation Location.GetConnectionData
[2022-05-18 03:12:17Z INFO Terminal] WRITE LINE: 
[2022-05-18 03:12:17Z INFO ConfigurationManager] Test Connection complete.
[2022-05-18 03:12:17Z INFO HostContext] Well known directory 'Bin': '/Users/sebechegaray/Desktop/TestCafe/IntegriaTesting/actions-runner/bin'
[2022-05-18 03:12:17Z INFO HostContext] Well known directory 'Root': '/Users/sebechegaray/Desktop/TestCafe/IntegriaTesting/actions-runner'
[2022-05-18 03:12:17Z INFO HostContext] Well known config file 'RSACredentials': '/Users/sebechegaray/Desktop/TestCafe/IntegriaTesting/actions-runner/.credentials_rsaparams'
[2022-05-18 03:12:17Z INFO RSAFileKeyManager] Creating new RSA key using 2048-bit key length
[2022-05-18 03:12:17Z INFO RSAFileKeyManager] Successfully saved RSA key parameters to file /Users/sebechegaray/Desktop/TestCafe/IntegriaTesting/actions-runner/.credentials_rsaparams
[2022-05-18 03:12:17Z INFO RSAFileKeyManager] Which: 'chmod'
[2022-05-18 03:12:17Z INFO RSAFileKeyManager] Location: '/bin/chmod'
[2022-05-18 03:12:17Z INFO HostContext] Well known directory 'Bin': '/Users/sebechegaray/Desktop/TestCafe/IntegriaTesting/actions-runner/bin'
[2022-05-18 03:12:17Z INFO HostContext] Well known directory 'Root': '/Users/sebechegaray/Desktop/TestCafe/IntegriaTesting/actions-runner'
[2022-05-18 03:12:17Z INFO ProcessInvokerWrapper] Starting process:
[2022-05-18 03:12:17Z INFO ProcessInvokerWrapper]   File name: '/bin/chmod'
[2022-05-18 03:12:17Z INFO ProcessInvokerWrapper]   Arguments: '600 /Users/sebechegaray/Desktop/TestCafe/IntegriaTesting/actions-runner/.credentials_rsaparams'
[2022-05-18 03:12:17Z INFO ProcessInvokerWrapper]   Working directory: '/Users/sebechegaray/Desktop/TestCafe/IntegriaTesting/actions-runner'
[2022-05-18 03:12:17Z INFO ProcessInvokerWrapper]   Require exit code zero: 'False'
[2022-05-18 03:12:17Z INFO ProcessInvokerWrapper]   Encoding web name:  ; code page: ''
[2022-05-18 03:12:17Z INFO ProcessInvokerWrapper]   Force kill process on cancellation: 'False'
[2022-05-18 03:12:17Z INFO ProcessInvokerWrapper]   Redirected STDIN: 'False'
[2022-05-18 03:12:17Z INFO ProcessInvokerWrapper]   Persist current code page: 'False'
[2022-05-18 03:12:17Z INFO ProcessInvokerWrapper]   Keep redirected STDIN open: 'False'
[2022-05-18 03:12:17Z INFO ProcessInvokerWrapper]   High priority process: 'False'
[2022-05-18 03:12:18Z INFO ProcessInvokerWrapper] Process started with process id 4685, waiting for process exit.
[2022-05-18 03:12:18Z INFO ProcessInvokerWrapper] STDOUT/STDERR stream read finished.
[2022-05-18 03:12:18Z INFO ProcessInvokerWrapper] STDOUT/STDERR stream read finished.
[2022-05-18 03:12:18Z INFO ProcessInvokerWrapper] Finished process 4685 with exit code 0, and elapsed time 00:00:00.0960660.
[2022-05-18 03:12:18Z INFO RSAFileKeyManager] Successfully set permissions for RSA key parameters file /Users/sebechegaray/Desktop/TestCafe/IntegriaTesting/actions-runner/.credentials_rsaparams
[2022-05-18 03:12:18Z INFO CommandSettings] Arg 'runnergroup': ''
[2022-05-18 03:12:18Z INFO CommandSettings] Flag 'unattended': 'False'
[2022-05-18 03:12:18Z INFO PromptManager] ReadValue
[2022-05-18 03:12:18Z INFO Terminal] WRITE: Enter the name of the runner group to add this runner to: 
[2022-05-18 03:12:18Z INFO Terminal] WRITE: [press Enter for Default] 
[2022-05-18 03:12:18Z INFO Terminal] READ LINE
[2022-05-18 03:12:31Z INFO Terminal] Read value: 'integria-testing'
[2022-05-18 03:12:31Z INFO Terminal] WRITE LINE: 
[2022-05-18 03:12:31Z ERR  Runner] GitHub.DistributedTask.WebApi.TaskAgentPoolNotFoundException: Could not find any self-hosted runner group named "integria-testing".
   at GitHub.Runner.Listener.Configuration.ConfigurationManager.ConfigureAsync(CommandSettings command)
   at GitHub.Runner.Listener.Runner.ExecuteCommand(CommandSettings command)
[2022-05-18 03:12:31Z ERR  Terminal] WRITE ERROR: Could not find any self-hosted runner group named "integria-testing".
[2022-05-18 03:12:31Z INFO Listener] Runner execution has finished with return code 1
